[I][11/09/2025 20:22:45] [BOT] Bot is connecting...
[I][11/09/2025 20:22:47] [BOT] Bot is logining...
[I][11/09/2025 20:22:47] [BOT] Bot is waiting for messages...
[I][11/09/2025 20:23:13] [BOT] Received from 'PeerUser(user_id=253866267)',
Message: /start
,File: None
[I][11/09/2025 20:27:15] [BOT] Bot is connecting...
[I][11/09/2025 20:27:15] [BOT] Bot is logining...
[I][11/09/2025 20:27:15] [BOT] Bot is waiting for messages...
[I][11/09/2025 20:27:30] [BOT] Bot is connecting...
[I][11/09/2025 20:27:31] [BOT] Bot is logining...
[I][11/09/2025 20:27:31] [BOT] Bot is waiting for messages...
[I][11/09/2025 20:29:04] [BOT] Bot is connecting...
[I][11/09/2025 20:29:04] [BOT] Bot is logining...
[I][11/09/2025 20:29:05] [BOT] Bot is waiting for messages...
[I][11/09/2025 20:42:34] [BOT] Bot is connecting...
[I][11/09/2025 20:42:34] [BOT] Bot is logining...
[I][11/09/2025 20:42:34] [BOT] Bot is waiting for messages...
[I][11/09/2025 20:43:18] [BOT] Bot is connecting...
[I][11/09/2025 20:43:19] [BOT] Bot is logining...
[I][11/09/2025 20:43:19] [BOT] Bot is waiting for messages...
[I][11/09/2025 20:44:50] [BOT] Bot is connecting...
[I][11/09/2025 20:44:51] [BOT] Bot is logining...
[I][11/09/2025 20:44:51] [BOT] Bot is waiting for messages...
[I][11/09/2025 20:46:02] [BOT] Bot is connecting...
[I][11/09/2025 20:46:02] [BOT] Bot is logining...
[I][11/09/2025 20:46:02] [BOT] Bot is waiting for messages...
[I][11/09/2025 20:46:10] [BOT] Received from 'PeerUser(user_id=253866267)',
Message: 
,File: MessageMediaDocument(nopremium=False, spoiler=False, video=False, round=False, voice=False, document=Document(id=5339413753664405650, access_hash=3876510437774844087, file_reference=b"\x01\x00\x00\x00\rh\xc3\n\xe2\xa9V\xd2\xa5\xf4,'^\xa2\xeb\r\x12?Z\x12\xba", date=datetime.datetime(2025, 9, 11, 17, 24, 40, tzinfo=datetime.timezone.utc), mime_type='model/obj', size=2581769, dc_id=2, attributes=[DocumentAttributeFilename(file_name='FinalBaseMesh1.obj')], thumbs=[], video_thumbs=[]), alt_documents=[], video_cover=None, video_timestamp=None, ttl_seconds=None)
[I][11/09/2025 20:46:20] [BOT] Bot is connecting...
[I][11/09/2025 20:46:20] [BOT] Bot is logining...
[I][11/09/2025 20:46:20] [BOT] Bot is waiting for messages...
[I][11/09/2025 21:26:54] [BOT] Bot is connecting...
[I][11/09/2025 21:26:54] [BOT] Bot is logining...
[I][11/09/2025 21:26:55] [BOT] Bot is waiting for messages...
[I][11/09/2025 21:28:11] [BOT] Received from 'PeerUser(user_id=253866267)',
Message: 
,File: MessageMediaDocument(nopremium=False, spoiler=False, video=False, round=False, voice=False, document=Document(id=5339413753664405650, access_hash=3876510437774844087, file_reference=b'\x01\x00\x00\x00\x0fh\xc3\x14\xbbx"#5\xf0x\xe3\xe2\xa4E\xd5\\\xa3\xeb\x81n', date=datetime.datetime(2025, 9, 11, 17, 24, 40, tzinfo=datetime.timezone.utc), mime_type='model/obj', size=2581769, dc_id=2, attributes=[DocumentAttributeFilename(file_name='FinalBaseMesh1.obj')], thumbs=[], video_thumbs=[]), alt_documents=[], video_cover=None, video_timestamp=None, ttl_seconds=None)
[I][11/09/2025 21:30:26] [BOT] Received from 'PeerUser(user_id=253866267)',
Message: 
,File: MessageMediaDocument(nopremium=False, spoiler=False, video=False, round=False, voice=False, document=Document(id=5339413753664405650, access_hash=3876510437774844087, file_reference=b"\x01\x00\x00\x00\x10h\xc3\x15B'\x93\xd3\xf59\xf13\x85C\xe5\xc0\xb0A\xc7\x14J", date=datetime.datetime(2025, 9, 11, 17, 24, 40, tzinfo=datetime.timezone.utc), mime_type='model/obj', size=2581769, dc_id=2, attributes=[DocumentAttributeFilename(file_name='FinalBaseMesh1.obj')], thumbs=[], video_thumbs=[]), alt_documents=[], video_cover=None, video_timestamp=None, ttl_seconds=None)
[I][11/09/2025 21:30:35] [BOT] Bot is connecting...
[I][11/09/2025 21:30:35] [BOT] Bot is logining...
[I][11/09/2025 21:30:35] [BOT] Bot is waiting for messages...
[I][11/09/2025 21:30:40] [BOT] Received from 'PeerUser(user_id=253866267)',
Message: 
,File: MessageMediaDocument(nopremium=False, spoiler=False, video=False, round=False, voice=False, document=Document(id=5339413753664405650, access_hash=3876510437774844087, file_reference=b'\x01\x00\x00\x00\x11h\xc3\x15Pje\xd1\xc7-\x91r\x97\x94\x1d\xbf_Uj\xca\xb6', date=datetime.datetime(2025, 9, 11, 17, 24, 40, tzinfo=datetime.timezone.utc), mime_type='model/obj', size=2581769, dc_id=2, attributes=[DocumentAttributeFilename(file_name='FinalBaseMesh1.obj')], thumbs=[], video_thumbs=[]), alt_documents=[], video_cover=None, video_timestamp=None, ttl_seconds=None)
[I][11/09/2025 21:31:47] [BOT] Bot is connecting...
[I][11/09/2025 21:31:47] [BOT] Bot is logining...
[I][11/09/2025 21:31:48] [BOT] Bot is waiting for messages...
[I][11/09/2025 21:31:58] [BOT] Bot is connecting...
[I][11/09/2025 21:31:58] [BOT] Bot is logining...
[I][11/09/2025 21:31:58] [BOT] Bot is waiting for messages...
[I][11/09/2025 21:32:03] [BOT] Received from 'PeerUser(user_id=253866267)',
Message: 
,File: MessageMediaDocument(nopremium=False, spoiler=False, video=False, round=False, voice=False, document=Document(id=5339413753664405650, access_hash=3876510437774844087, file_reference=b"\x01\x00\x00\x00\x12h\xc3\x15\xa3'\x81\xd6\xd9\x12\xbbF\xed%\xc9\x00\x19\x81\xba\xf2\xe3", date=datetime.datetime(2025, 9, 11, 17, 24, 40, tzinfo=datetime.timezone.utc), mime_type='model/obj', size=2581769, dc_id=2, attributes=[DocumentAttributeFilename(file_name='FinalBaseMesh1.obj')], thumbs=[], video_thumbs=[]), alt_documents=[], video_cover=None, video_timestamp=None, ttl_seconds=None)
[I][11/09/2025 21:33:09] [BOT] Received from 'PeerUser(user_id=253866267)',
Message: 
,File: MessageMediaDocument(nopremium=False, spoiler=False, video=False, round=False, voice=False, document=Document(id=5339413753664405650, access_hash=3876510437774844087, file_reference=b'\x01\x00\x00\x00\x13h\xc3\x15\xe5\x89\xe8\x00\xb6"\xaf\xfc\xc0\x9aTZO\xa1_\xb5j', date=datetime.datetime(2025, 9, 11, 17, 24, 40, tzinfo=datetime.timezone.utc), mime_type='model/obj', size=2581769, dc_id=2, attributes=[DocumentAttributeFilename(file_name='FinalBaseMesh1.obj')], thumbs=[], video_thumbs=[]), alt_documents=[], video_cover=None, video_timestamp=None, ttl_seconds=None)
[I][11/09/2025 21:38:01] [BOT] Bot is connecting...
[I][11/09/2025 21:38:01] [BOT] Bot is logining...
[I][11/09/2025 21:38:01] [BOT] Bot is waiting for messages...
[I][11/09/2025 21:38:06] [BOT] Received from 'PeerUser(user_id=253866267)',
Message: 
,File: MessageMediaDocument(nopremium=False, spoiler=False, video=False, round=False, voice=False, document=Document(id=5339413753664405650, access_hash=3876510437774844087, file_reference=b'\x01\x00\x00\x00\x14h\xc3\x17\x0e$$\x91hd\x06\xff\x9f\x13v\x15\x861\x15\xcc\t', date=datetime.datetime(2025, 9, 11, 17, 24, 40, tzinfo=datetime.timezone.utc), mime_type='model/obj', size=2581769, dc_id=2, attributes=[DocumentAttributeFilename(file_name='FinalBaseMesh1.obj')], thumbs=[], video_thumbs=[]), alt_documents=[], video_cover=None, video_timestamp=None, ttl_seconds=None)
[E][11/09/2025 21:38:49] [BOT] [DOWNLOADER] An error occurred: 'NoneType' object is not callable
[I][11/09/2025 21:40:33] [BOT] Bot is connecting...
[I][11/09/2025 21:40:33] [BOT] Bot is logining...
[I][11/09/2025 21:40:33] [BOT] Bot is waiting for messages...
[I][11/09/2025 21:40:40] [BOT] Bot is connecting...
[I][11/09/2025 21:40:41] [BOT] Bot is logining...
[I][11/09/2025 21:40:41] [BOT] Bot is waiting for messages...
[I][11/09/2025 21:40:46] [BOT] Received from 'PeerUser(user_id=253866267)',
Message: 
,File: MessageMediaDocument(nopremium=False, spoiler=False, video=False, round=False, voice=False, document=Document(id=5339413753664405650, access_hash=3876510437774844087, file_reference=b"\x01\x00\x00\x00\x15h\xc3\x17\xae\x02)\x98\x7f&\x87\xf7%\xe9\xa1\xfb.y\xda\xd3'", date=datetime.datetime(2025, 9, 11, 17, 24, 40, tzinfo=datetime.timezone.utc), mime_type='model/obj', size=2581769, dc_id=2, attributes=[DocumentAttributeFilename(file_name='FinalBaseMesh1.obj')], thumbs=[], video_thumbs=[]), alt_documents=[], video_cover=None, video_timestamp=None, ttl_seconds=None)
[I][11/09/2025 21:40:47] [GifRender] [HANDLER "FinalBaseMesh1.obj"] Building...
[I][11/09/2025 21:42:01] [BOT] Bot is connecting...
[I][11/09/2025 21:42:01] [BOT] Bot is logining...
[I][11/09/2025 21:42:01] [BOT] Bot is waiting for messages...
[I][11/09/2025 21:42:08] [BOT] Received from 'PeerUser(user_id=253866267)',
Message: 
,File: MessageMediaDocument(nopremium=False, spoiler=False, video=False, round=False, voice=False, document=Document(id=5339413753664405650, access_hash=3876510437774844087, file_reference=b'\x01\x00\x00\x00\x16h\xc3\x18\x00\x97\x95\x17E\x8a\x94\x89oV\xd0\xa0\xd2\xc8\x98a\x9c', date=datetime.datetime(2025, 9, 11, 17, 24, 40, tzinfo=datetime.timezone.utc), mime_type='model/obj', size=2581769, dc_id=2, attributes=[DocumentAttributeFilename(file_name='FinalBaseMesh1.obj')], thumbs=[], video_thumbs=[]), alt_documents=[], video_cover=None, video_timestamp=None, ttl_seconds=None)
[S][11/09/2025 21:42:08] [BOT] [DOWNLOADER] Already downloaded
[I][11/09/2025 21:42:08] [GifRender] [HANDLER "FinalBaseMesh1.obj"] Building...
[I][11/09/2025 21:44:57] [BOT] Bot is connecting...
[I][11/09/2025 21:44:57] [BOT] Bot is logining...
[I][11/09/2025 21:44:57] [BOT] Bot is waiting for messages...
[I][11/09/2025 21:45:04] [BOT] Received from 'PeerUser(user_id=253866267)',
Message: 
,File: MessageMediaDocument(nopremium=False, spoiler=False, video=False, round=False, voice=False, document=Document(id=5339413753664405650, access_hash=3876510437774844087, file_reference=b'\x01\x00\x00\x00\x17h\xc3\x18\xb06\x17#~\xb8\x06\x0c\xb3\x97`\xa9\x89\t\xb2\xab\x1f', date=datetime.datetime(2025, 9, 11, 17, 24, 40, tzinfo=datetime.timezone.utc), mime_type='model/obj', size=2581769, dc_id=2, attributes=[DocumentAttributeFilename(file_name='FinalBaseMesh1.obj')], thumbs=[], video_thumbs=[]), alt_documents=[], video_cover=None, video_timestamp=None, ttl_seconds=None)
[S][11/09/2025 21:45:04] [BOT] [DOWNLOADER] Already downloaded
[I][11/09/2025 21:45:04] [GifRender] [HANDLER "FinalBaseMesh1.obj"] Building...
[I][11/09/2025 21:46:29] [BOT] Bot is connecting...
[I][11/09/2025 21:46:29] [BOT] Bot is logining...
[I][11/09/2025 21:46:29] [BOT] Bot is waiting for messages...
[I][11/09/2025 21:46:34] [BOT] Received from 'PeerUser(user_id=253866267)',
Message: 
,File: MessageMediaDocument(nopremium=False, spoiler=False, video=False, round=False, voice=False, document=Document(id=5339413753664405650, access_hash=3876510437774844087, file_reference=b"\x01\x00\x00\x00\x18h\xc3\x19\n\x85\xf2\xe9,'{\x0f\x90\xb5\xedP_*\xd9*)", date=datetime.datetime(2025, 9, 11, 17, 24, 40, tzinfo=datetime.timezone.utc), mime_type='model/obj', size=2581769, dc_id=2, attributes=[DocumentAttributeFilename(file_name='FinalBaseMesh1.obj')], thumbs=[], video_thumbs=[]), alt_documents=[], video_cover=None, video_timestamp=None, ttl_seconds=None)
[S][11/09/2025 21:46:34] [BOT] [DOWNLOADER] Already downloaded
[I][11/09/2025 21:46:34] [GifRender] [HANDLER "FinalBaseMesh1.obj"] Building...
[I][11/09/2025 21:49:38] [BOT] Bot is connecting...
[I][11/09/2025 21:49:38] [BOT] Bot is logining...
[I][11/09/2025 21:49:38] [BOT] Bot is waiting for messages...
[I][11/09/2025 21:50:56] [BOT] Bot is connecting...
[I][11/09/2025 21:50:56] [BOT] Bot is logining...
[I][11/09/2025 21:50:56] [BOT] Bot is waiting for messages...
[I][11/09/2025 21:51:02] [BOT] Received from 'PeerUser(user_id=253866267)',
Message: 
,File: MessageMediaDocument(nopremium=False, spoiler=False, video=False, round=False, voice=False, document=Document(id=5339413753664405650, access_hash=3876510437774844087, file_reference=b'\x01\x00\x00\x00\x19h\xc3\x1a\x15\x94Yd\x02=aC~\xd8\xc9y{33\x16\xdc', date=datetime.datetime(2025, 9, 11, 17, 24, 40, tzinfo=datetime.timezone.utc), mime_type='model/obj', size=2581769, dc_id=2, attributes=[DocumentAttributeFilename(file_name='FinalBaseMesh1.obj')], thumbs=[], video_thumbs=[]), alt_documents=[], video_cover=None, video_timestamp=None, ttl_seconds=None)
[I][11/09/2025 21:51:04] [GifRender] [HANDLER "(@slarommorals) NnnnnFinalBaseMesh1.obj"] Building...
[I][11/09/2025 21:52:03] [BOT] Bot is connecting...
[I][11/09/2025 21:52:03] [BOT] Bot is logining...
[I][11/09/2025 21:52:03] [BOT] Bot is waiting for messages...
[I][11/09/2025 21:52:08] [BOT] Received from 'PeerUser(user_id=253866267)',
Message: 
,File: MessageMediaDocument(nopremium=False, spoiler=False, video=False, round=False, voice=False, document=Document(id=5339413753664405650, access_hash=3876510437774844087, file_reference=b'\x01\x00\x00\x00\x1ah\xc3\x1aXfmLW\xbb|\xf9\xe2N$\xf2\x8e\xd0\xe2\xd1\xd6', date=datetime.datetime(2025, 9, 11, 17, 24, 40, tzinfo=datetime.timezone.utc), mime_type='model/obj', size=2581769, dc_id=2, attributes=[DocumentAttributeFilename(file_name='FinalBaseMesh1.obj')], thumbs=[], video_thumbs=[]), alt_documents=[], video_cover=None, video_timestamp=None, ttl_seconds=None)
[S][11/09/2025 21:52:08] [BOT] [DOWNLOADER] Already downloaded
[I][11/09/2025 21:52:08] [GifRender] [HANDLER "(@slarommorals) NnnnnFinalBaseMesh1.obj"] Building...
[I][11/09/2025 21:52:56] [BOT] Bot is connecting...
[I][11/09/2025 21:52:56] [BOT] Bot is logining...
[I][11/09/2025 21:52:57] [BOT] Bot is waiting for messages...
[I][11/09/2025 21:53:05] [BOT] Received from 'PeerUser(user_id=253866267)',
Message: 
,File: MessageMediaDocument(nopremium=False, spoiler=False, video=False, round=False, voice=False, document=Document(id=5339413753664405650, access_hash=3876510437774844087, file_reference=b"\x01\x00\x00\x00\x1bh\xc3\x1a\x91*\x8fBl+'p\xf7^2V\xa6\xb46\xfes", date=datetime.datetime(2025, 9, 11, 17, 24, 40, tzinfo=datetime.timezone.utc), mime_type='model/obj', size=2581769, dc_id=2, attributes=[DocumentAttributeFilename(file_name='FinalBaseMesh1.obj')], thumbs=[], video_thumbs=[]), alt_documents=[], video_cover=None, video_timestamp=None, ttl_seconds=None)
[S][11/09/2025 21:53:05] [BOT] [DOWNLOADER] Already downloaded
[I][11/09/2025 21:53:05] [GifRender] [HANDLER "(@slarommorals) NnnnnFinalBaseMesh1.obj"] Building...
[I][11/09/2025 21:57:41] [BOT] Bot is connecting...
[I][11/09/2025 21:57:41] [BOT] Bot is logining...
[I][11/09/2025 21:57:41] [BOT] Bot is waiting for messages...
[I][11/09/2025 21:57:48] [BOT] Received from 'PeerUser(user_id=253866267)',
Message: 
,File: MessageMediaDocument(nopremium=False, spoiler=False, video=False, round=False, voice=False, document=Document(id=5339413753664405650, access_hash=3876510437774844087, file_reference=b'\x01\x00\x00\x00\x1ch\xc3\x1b\xabeM\x8f\xef\xe1$\x19}\xcc:r\x8a\xd3P)\x9d', date=datetime.datetime(2025, 9, 11, 17, 24, 40, tzinfo=datetime.timezone.utc), mime_type='model/obj', size=2581769, dc_id=2, attributes=[DocumentAttributeFilename(file_name='FinalBaseMesh1.obj')], thumbs=[], video_thumbs=[]), alt_documents=[], video_cover=None, video_timestamp=None, ttl_seconds=None)
[I][11/09/2025 22:00:53] [BOT] Bot is connecting...
[I][11/09/2025 22:00:54] [BOT] Bot is logining...
[I][11/09/2025 22:00:54] [BOT] Bot is waiting for messages...
[I][11/09/2025 22:00:58] [BOT] Received from 'PeerUser(user_id=253866267)',
Message: 
,File: MessageMediaDocument(nopremium=False, spoiler=False, video=False, round=False, voice=False, document=Document(id=5339413753664405650, access_hash=3876510437774844087, file_reference=b'\x01\x00\x00\x00\x1dh\xc3\x1cj\x98a\xa3\xa9I\xd1\x9e\x83N\xea\xd2\xeag\x19\x12E', date=datetime.datetime(2025, 9, 11, 17, 24, 40, tzinfo=datetime.timezone.utc), mime_type='model/obj', size=2581769, dc_id=2, attributes=[DocumentAttributeFilename(file_name='FinalBaseMesh1.obj')], thumbs=[], video_thumbs=[]), alt_documents=[], video_cover=None, video_timestamp=None, ttl_seconds=None)
[I][11/09/2025 22:01:11] [BOT] Bot is connecting...
[I][11/09/2025 22:01:12] [BOT] Bot is logining...
[I][11/09/2025 22:01:12] [BOT] Bot is waiting for messages...
[I][11/09/2025 22:01:17] [BOT] Received from 'PeerUser(user_id=253866267)',
Message: 
,File: MessageMediaDocument(nopremium=False, spoiler=False, video=False, round=False, voice=False, document=Document(id=5339413753664405650, access_hash=3876510437774844087, file_reference=b'\x01\x00\x00\x00\x1eh\xc3\x1c}\xa6\x12\xbcQ]\x1fer\x8fL\x85i@\xc4\x9d\xa5', date=datetime.datetime(2025, 9, 11, 17, 24, 40, tzinfo=datetime.timezone.utc), mime_type='model/obj', size=2581769, dc_id=2, attributes=[DocumentAttributeFilename(file_name='FinalBaseMesh1.obj')], thumbs=[], video_thumbs=[]), alt_documents=[], video_cover=None, video_timestamp=None, ttl_seconds=None)
[I][11/09/2025 22:01:18] [GifRender] [HANDLER "(@slarommorals) NnnnnFinalBaseMesh1.obj"] Building...
[I][11/09/2025 22:04:57] [BOT] Bot is connecting...
[I][11/09/2025 22:04:58] [BOT] Bot is logining...
[I][11/09/2025 22:04:58] [BOT] Bot is waiting for messages...
[I][11/09/2025 22:05:05] [BOT] Received from 'PeerUser(user_id=253866267)',
Message: 
,File: MessageMediaDocument(nopremium=False, spoiler=False, video=False, round=False, voice=False, document=Document(id=5339413753664405650, access_hash=3876510437774844087, file_reference=b'\x01\x00\x00\x00\x1fh\xc3\x1da\xdd\xb5j\xcb\x93D\xc1*\xffAB\xdfLpo$', date=datetime.datetime(2025, 9, 11, 17, 24, 40, tzinfo=datetime.timezone.utc), mime_type='model/obj', size=2581769, dc_id=2, attributes=[DocumentAttributeFilename(file_name='FinalBaseMesh1.obj')], thumbs=[], video_thumbs=[]), alt_documents=[], video_cover=None, video_timestamp=None, ttl_seconds=None)
[S][11/09/2025 22:05:05] [BOT] [DOWNLOADER] Already downloaded
[I][11/09/2025 22:05:05] [GifRender] [HANDLER "(@slarommorals) NnnnnFinalBaseMesh1.obj"] Building...
[I][11/09/2025 22:05:32] [BOT] Bot is connecting...
[I][11/09/2025 22:05:32] [BOT] Bot is logining...
[I][11/09/2025 22:05:32] [BOT] Bot is waiting for messages...
[I][11/09/2025 22:05:37] [BOT] Received from 'PeerUser(user_id=253866267)',
Message: 
,File: MessageMediaDocument(nopremium=False, spoiler=False, video=False, round=False, voice=False, document=Document(id=5339413753664405650, access_hash=3876510437774844087, file_reference=b'\x01\x00\x00\x00 h\xc3\x1d\x81\xa7\xcf\xff\x1bG\xee\x15X\x1b\xf0s*\xdcB\x10O', date=datetime.datetime(2025, 9, 11, 17, 24, 40, tzinfo=datetime.timezone.utc), mime_type='model/obj', size=2581769, dc_id=2, attributes=[DocumentAttributeFilename(file_name='FinalBaseMesh1.obj')], thumbs=[], video_thumbs=[]), alt_documents=[], video_cover=None, video_timestamp=None, ttl_seconds=None)
[S][11/09/2025 22:05:37] [BOT] [DOWNLOADER] Already downloaded
[I][11/09/2025 22:05:37] [GifRender] [HANDLER "(@slarommorals) NnnnnFinalBaseMesh1.obj"] Building...
[I][11/09/2025 22:09:12] [BOT] Bot is connecting...
[I][11/09/2025 22:09:12] [BOT] Bot is logining...
[I][11/09/2025 22:09:13] [BOT] Bot is waiting for messages...
[I][11/09/2025 22:09:18] [BOT] Received from 'PeerUser(user_id=253866267)',
Message: 
,File: MessageMediaDocument(nopremium=False, spoiler=False, video=False, round=False, voice=False, document=Document(id=5339413753664405650, access_hash=3876510437774844087, file_reference=b'\x01\x00\x00\x00!h\xc3\x1e^\x81\xc3#\x18\x9c[\xc72[\t\xcco;\xc5\xf4*', date=datetime.datetime(2025, 9, 11, 17, 24, 40, tzinfo=datetime.timezone.utc), mime_type='model/obj', size=2581769, dc_id=2, attributes=[DocumentAttributeFilename(file_name='FinalBaseMesh1.obj')], thumbs=[], video_thumbs=[]), alt_documents=[], video_cover=None, video_timestamp=None, ttl_seconds=None)
[S][11/09/2025 22:09:18] [BOT] [DOWNLOADER] Already downloaded
[I][11/09/2025 22:09:18] [GifRender] [HANDLER "(@slarommorals) NnnnnFinalBaseMesh1.obj"] Building...
[I][11/09/2025 22:11:27] [BOT] Bot is connecting...
[I][11/09/2025 22:11:27] [BOT] Bot is logining...
[I][11/09/2025 22:11:27] [BOT] Bot is waiting for messages...
[I][11/09/2025 22:12:44] [BOT] Bot is connecting...
[I][11/09/2025 22:12:45] [BOT] Bot is logining...
[I][11/09/2025 22:12:45] [BOT] Bot is waiting for messages...
[I][11/09/2025 22:12:50] [BOT] Received from 'PeerUser(user_id=253866267)',
Message: 
,File: MessageMediaDocument(nopremium=False, spoiler=False, video=False, round=False, voice=False, document=Document(id=5339413753664405650, access_hash=3876510437774844087, file_reference=b'\x01\x00\x00\x00"h\xc3\x1f2\xca\xc5\t{\xd6d\xa6\xf8A\xe9\x10"\xbc\x91$\xa8', date=datetime.datetime(2025, 9, 11, 17, 24, 40, tzinfo=datetime.timezone.utc), mime_type='model/obj', size=2581769, dc_id=2, attributes=[DocumentAttributeFilename(file_name='FinalBaseMesh1.obj')], thumbs=[], video_thumbs=[]), alt_documents=[], video_cover=None, video_timestamp=None, ttl_seconds=None)
[S][11/09/2025 22:12:50] [BOT] [DOWNLOADER] Already downloaded
[I][11/09/2025 22:12:50] [GifRender] [HANDLER "(@slarommorals) NnnnnFinalBaseMesh1.obj"] Building...
[I][11/09/2025 22:17:22] [BOT] Bot is connecting...
[I][11/09/2025 22:17:23] [BOT] Bot is logining...
[I][11/09/2025 22:17:23] [BOT] Bot is waiting for messages...
[I][11/09/2025 22:17:29] [BOT] Received from 'PeerUser(user_id=253866267)',
Message: 
,File: MessageMediaDocument(nopremium=False, spoiler=False, video=False, round=False, voice=False, document=Document(id=5339413753664405650, access_hash=3876510437774844087, file_reference=b'\x01\x00\x00\x00#h\xc3 H\x1eF\xf8\x12\xc2\xbe\xa3\xf2\xc4\xc8\xde\x15\xe3\xfd\x11\xaf', date=datetime.datetime(2025, 9, 11, 17, 24, 40, tzinfo=datetime.timezone.utc), mime_type='model/obj', size=2581769, dc_id=2, attributes=[DocumentAttributeFilename(file_name='FinalBaseMesh1.obj')], thumbs=[], video_thumbs=[]), alt_documents=[], video_cover=None, video_timestamp=None, ttl_seconds=None)
[S][11/09/2025 22:17:29] [BOT] [DOWNLOADER] Already downloaded
[I][11/09/2025 22:17:29] [GifRender] [HANDLER "(@slarommorals) NnnnnFinalBaseMesh1.obj"] Building...
[I][11/09/2025 22:18:51] [BOT] Bot is connecting...
[I][11/09/2025 22:18:51] [BOT] Bot is logining...
[I][11/09/2025 22:18:51] [BOT] Bot is waiting for messages...
[I][11/09/2025 22:18:56] [BOT] Received from 'PeerUser(user_id=253866267)',
Message: 
,File: MessageMediaDocument(nopremium=False, spoiler=False, video=False, round=False, voice=False, document=Document(id=5339413753664405650, access_hash=3876510437774844087, file_reference=b'\x01\x00\x00\x00$h\xc3 \xa048J\x10\xe3c%\x1e\x17c2\xe9\xf2\xb4Jx', date=datetime.datetime(2025, 9, 11, 17, 24, 40, tzinfo=datetime.timezone.utc), mime_type='model/obj', size=2581769, dc_id=2, attributes=[DocumentAttributeFilename(file_name='FinalBaseMesh1.obj')], thumbs=[], video_thumbs=[]), alt_documents=[], video_cover=None, video_timestamp=None, ttl_seconds=None)
[I][11/09/2025 22:18:56] [GifRender] [HANDLER "FinalBaseMesh1.obj"] Building...
[I][11/09/2025 22:21:32] [BOT] Bot is connecting...
[I][11/09/2025 22:21:33] [BOT] Bot is logining...
[I][11/09/2025 22:21:33] [BOT] Bot is waiting for messages...
[I][11/09/2025 22:21:39] [BOT] Received from 'PeerUser(user_id=253866267)',
Message: 
,File: MessageMediaDocument(nopremium=False, spoiler=False, video=False, round=False, voice=False, document=Document(id=5339413753664405650, access_hash=3876510437774844087, file_reference=b'\x01\x00\x00\x00%h\xc3!C\x13\x82.\xf8en\xe3\xbeW\xbdr\x01?r\xa4;', date=datetime.datetime(2025, 9, 11, 17, 24, 40, tzinfo=datetime.timezone.utc), mime_type='model/obj', size=2581769, dc_id=2, attributes=[DocumentAttributeFilename(file_name='FinalBaseMesh1.obj')], thumbs=[], video_thumbs=[]), alt_documents=[], video_cover=None, video_timestamp=None, ttl_seconds=None)
[S][11/09/2025 22:21:39] [BOT] [DOWNLOADER] Already downloaded
[I][11/09/2025 22:21:39] [GifRender] [HANDLER "FinalBaseMesh1.obj"] Building...
[I][11/09/2025 22:24:25] [BOT] Bot is connecting...
[I][11/09/2025 22:24:25] [BOT] Bot is logining...
[I][11/09/2025 22:24:25] [BOT] Bot is waiting for messages...
[I][11/09/2025 22:24:34] [BOT] Received from 'PeerUser(user_id=253866267)',
Message: 
,File: MessageMediaDocument(nopremium=False, spoiler=False, video=False, round=False, voice=False, document=Document(id=5339413753664405650, access_hash=3876510437774844087, file_reference=b'\x01\x00\x00\x00&h\xc3!\xf2(\xa7\x96\\\xd4\xa6\x08U\x0f\xd7\x89\xd1N>k0', date=datetime.datetime(2025, 9, 11, 17, 24, 40, tzinfo=datetime.timezone.utc), mime_type='model/obj', size=2581769, dc_id=2, attributes=[DocumentAttributeFilename(file_name='FinalBaseMesh1.obj')], thumbs=[], video_thumbs=[]), alt_documents=[], video_cover=None, video_timestamp=None, ttl_seconds=None)
[S][11/09/2025 22:24:34] [BOT] [DOWNLOADER] Already downloaded
[I][11/09/2025 22:24:34] [GifRender] [HANDLER "FinalBaseMesh1.obj"] Building...
[I][11/09/2025 22:24:49] [BOT] Bot is connecting...
[I][11/09/2025 22:24:49] [BOT] Bot is logining...
[I][11/09/2025 22:24:49] [BOT] Bot is waiting for messages...
[I][11/09/2025 22:24:53] [BOT] Received from 'PeerUser(user_id=253866267)',
Message: 
,File: MessageMediaDocument(nopremium=False, spoiler=False, video=False, round=False, voice=False, document=Document(id=5339413753664405650, access_hash=3876510437774844087, file_reference=b'\x01\x00\x00\x00\'h\xc3"\x05\xc6\xe0\x8aiS\x93\x0b\xa9n\n\xd6\xfbx6p\xe8', date=datetime.datetime(2025, 9, 11, 17, 24, 40, tzinfo=datetime.timezone.utc), mime_type='model/obj', size=2581769, dc_id=2, attributes=[DocumentAttributeFilename(file_name='FinalBaseMesh1.obj')], thumbs=[], video_thumbs=[]), alt_documents=[], video_cover=None, video_timestamp=None, ttl_seconds=None)
[S][11/09/2025 22:24:53] [BOT] [DOWNLOADER] Already downloaded
[I][11/09/2025 22:24:53] [GifRender] [HANDLER "FinalBaseMesh1.obj"] Building...
[I][11/09/2025 22:26:43] [BOT] Bot is connecting...
[I][11/09/2025 22:26:43] [BOT] Bot is logining...
[I][11/09/2025 22:26:43] [BOT] Bot is waiting for messages...
[I][11/09/2025 22:26:49] [BOT] Received from 'PeerUser(user_id=253866267)',
Message: 
,File: MessageMediaDocument(nopremium=False, spoiler=False, video=False, round=False, voice=False, document=Document(id=5339413753664405650, access_hash=3876510437774844087, file_reference=b'\x01\x00\x00\x00(h\xc3"y>\x05\xe7)\xf9r\r\x13\x85F"\xc1\x91&\xd8{', date=datetime.datetime(2025, 9, 11, 17, 24, 40, tzinfo=datetime.timezone.utc), mime_type='model/obj', size=2581769, dc_id=2, attributes=[DocumentAttributeFilename(file_name='FinalBaseMesh1.obj')], thumbs=[], video_thumbs=[]), alt_documents=[], video_cover=None, video_timestamp=None, ttl_seconds=None)
[S][11/09/2025 22:26:49] [BOT] [DOWNLOADER] Already downloaded
[I][11/09/2025 22:26:49] [GifRender] [HANDLER "FinalBaseMesh1.obj"] Building...
[I][11/09/2025 22:29:15] [BOT] Bot is connecting...
[I][11/09/2025 22:29:16] [BOT] Bot is logining...
[I][11/09/2025 22:29:16] [BOT] Bot is waiting for messages...
[I][11/09/2025 22:29:21] [BOT] Received from 'PeerUser(user_id=253866267)',
Message: 
,File: MessageMediaDocument(nopremium=False, spoiler=False, video=False, round=False, voice=False, document=Document(id=5339413753664405650, access_hash=3876510437774844087, file_reference=b'\x01\x00\x00\x00)h\xc3#\x11jeh\x9a\xbbn\xf4\x9e\xf2.\xf4\xc56E\xfdO', date=datetime.datetime(2025, 9, 11, 17, 24, 40, tzinfo=datetime.timezone.utc), mime_type='model/obj', size=2581769, dc_id=2, attributes=[DocumentAttributeFilename(file_name='FinalBaseMesh1.obj')], thumbs=[], video_thumbs=[]), alt_documents=[], video_cover=None, video_timestamp=None, ttl_seconds=None)
[S][11/09/2025 22:32:13] [BOT] [DOWNLOADER] Already downloaded
[I][11/09/2025 22:34:33] [GifRender] [HANDLER "FinalBaseMesh1.obj"] Building...
[I][11/09/2025 22:34:45] [BOT] Bot is connecting...
[I][11/09/2025 22:34:45] [BOT] Bot is logining...
[I][11/09/2025 22:34:45] [BOT] Bot is waiting for messages...
[I][11/09/2025 22:34:49] [BOT] Received from 'PeerUser(user_id=253866267)',
Message: 
,File: MessageMediaDocument(nopremium=False, spoiler=False, video=False, round=False, voice=False, document=Document(id=5339413753664405650, access_hash=3876510437774844087, file_reference=b'\x01\x00\x00\x00,h\xc3$Y\xbd,o\x00\x80bp\x93\xcc\xe4<AC\x9e\x93\xe3', date=datetime.datetime(2025, 9, 11, 17, 24, 40, tzinfo=datetime.timezone.utc), mime_type='model/obj', size=2581769, dc_id=2, attributes=[DocumentAttributeFilename(file_name='FinalBaseMesh1.obj')], thumbs=[], video_thumbs=[]), alt_documents=[], video_cover=None, video_timestamp=None, ttl_seconds=None)
[S][11/09/2025 22:34:55] [BOT] [DOWNLOADER] Already downloaded
[I][11/09/2025 22:35:06] [GifRender] [HANDLER "FinalBaseMesh1.obj"] Building...
[I][11/09/2025 22:35:09] [GifRender] [HANDLER "FinalBaseMesh1.obj"] Was read, volume: 120.07904464405745 mm3
[I][11/09/2025 22:35:09] [GifRender] [HANDLER "FinalBaseMesh1.obj"] Capturing...
[I][11/09/2025 22:35:17] [GifRender] [HANDLER "FinalBaseMesh1.obj"] Was captured.
[I][13/09/2025 11:40:40] [BOT] Bot is connecting...
[I][13/09/2025 11:40:41] [BOT] Bot is logining...
[I][13/09/2025 11:40:41] [BOT] Bot is waiting for messages...
[I][13/09/2025 11:43:48] [BOT] Bot is connecting...
[I][13/09/2025 11:43:49] [BOT] Bot is logining...
[I][13/09/2025 11:43:50] [BOT] Bot is waiting for messages...
